14:18:14 **** Incremental Build of configuration Nios II for project LCFR ****
make all 
Info: Building ../LCFR_bsp/
C:/intelFPGA/18.1/nios2eds/bin/gnu/H-x86_64-mingw32/bin/make --no-print-directory -C ../LCFR_bsp/
[BSP build complete]
Info: Compiling LCFR.c to obj/default/LCFR.o
nios2-elf-gcc -xc -MP -MMD -c -I../LCFR_bsp//HAL/inc -I../LCFR_bsp/ -I../LCFR_bsp//drivers/inc  -pipe -D__hal__ -DALT_NO_INSTRUCTION_EMULATION -DALT_SINGLE_THREADED    -O0 -g -Wall   -mhw-div -mhw-mul -mno-hw-mulx -mgpopt=global  -o obj/default/LCFR.o LCFR.c
LCFR.c: In function 'button_interrupts_function':
LCFR.c:80:5: warning: implicit declaration of function 'portYIELD_FROM_ISR' [-Wimplicit-function-declaration]
     portYIELD_FROM_ISR(xHigherPriorityTaskWoken);
     ^
Info: Linking LCFR.elf
nios2-elf-g++  -T'../LCFR_bsp//linker.x' -msys-crt0='../LCFR_bsp//obj/HAL/src/crt0.o' -msys-lib=hal_bsp -L../LCFR_bsp/   -Wl,-Map=LCFR.map   -O0 -g -Wall   -mhw-div -mhw-mul -mno-hw-mulx -mgpopt=global  -o LCFR.elf obj/default/FreeRTOS/croutine.o obj/default/FreeRTOS/event_groups.o obj/default/FreeRTOS/heap.o obj/default/FreeRTOS/list.o obj/default/FreeRTOS/port.o obj/default/FreeRTOS/queue.o obj/default/FreeRTOS/tasks.o obj/default/FreeRTOS/timers.o obj/default/LCFR.o obj/default/FreeRTOS/port_asm.o -lm -msys-lib=m
obj/default/LCFR.o: In function `button_interrupts_function':
C:\Users\tche867\Downloads\LowCostFrequencyRelay\Main\Projectfiles\software\LCFR/LCFR.c:80: undefined reference to `portYIELD_FROM_ISR'
collect2.exe: error: ld returned 1 exit status
make: *** [LCFR.elf] Error 1
14:18:36 **** Build of configuration Nios II for project LCFR ****
make all 
Info: Building ../LCFR_bsp/
C:/intelFPGA/18.1/nios2eds/bin/gnu/H-x86_64-mingw32/bin/make --no-print-directory -C ../LCFR_bsp/
[BSP build complete]
Info: Compiling LCFR.c to obj/default/LCFR.o
nios2-elf-gcc -xc -MP -MMD -c -I../LCFR_bsp//HAL/inc -I../LCFR_bsp/ -I../LCFR_bsp//drivers/inc  -pipe -D__hal__ -DALT_NO_INSTRUCTION_EMULATION -DALT_SINGLE_THREADED    -O0 -g -Wall   -mhw-div -mhw-mul -mno-hw-mulx -mgpopt=global  -o obj/default/LCFR.o LCFR.c
Info: Linking LCFR.elf
nios2-elf-g++  -T'../LCFR_bsp//linker.x' -msys-crt0='../LCFR_bsp//obj/HAL/src/crt0.o' -msys-lib=hal_bsp -L../LCFR_bsp/   -Wl,-Map=LCFR.map   -O0 -g -Wall   -mhw-div -mhw-mul -mno-hw-mulx -mgpopt=global  -o LCFR.elf obj/default/FreeRTOS/croutine.o obj/default/FreeRTOS/event_groups.o obj/default/FreeRTOS/heap.o obj/default/FreeRTOS/list.o obj/default/FreeRTOS/port.o obj/default/FreeRTOS/queue.o obj/default/FreeRTOS/tasks.o obj/default/FreeRTOS/timers.o obj/default/LCFR.o obj/default/FreeRTOS/port_asm.o -lm -msys-lib=m
nios2-elf-insert LCFR.elf --thread_model hal --cpu_name nios2 --qsys true --simulation_enabled false --id 7 --sidp 0x430f0 --timestamp 1393900972 --stderr_dev jtag_uart --stdin_dev jtag_uart --stdout_dev jtag_uart --sopc_system_name nios2 --quartus_project_dir "C:/Users/tche867/Downloads/LowCostFrequencyRelay/Main/Projectfiles" --sopcinfo C:/Users/tche867/Downloads/LowCostFrequencyRelay/Main/Projectfiles/software/LCFR_bsp/../../nios2.sopcinfo
Info: (LCFR.elf) 609 KBytes program size (code + initialized data).
Info:            130561 KBytes free for stack + heap.
Info: Creating LCFR.objdump
nios2-elf-objdump --disassemble --syms --all-header --source LCFR.elf >LCFR.objdump
[LCFR build complete]
14:18:44 **** Incremental Build of configuration Nios II for project LCFR ****
make all 
Info: Building ../LCFR_bsp/
C:/intelFPGA/18.1/nios2eds/bin/gnu/H-x86_64-mingw32/bin/make --no-print-directory -C ../LCFR_bsp/
[BSP build complete]
[LCFR build complete]
14:21:32 **** Build of configuration Nios II for project LCFR ****
make all 
Info: Building ../LCFR_bsp/
C:/intelFPGA/18.1/nios2eds/bin/gnu/H-x86_64-mingw32/bin/make --no-print-directory -C ../LCFR_bsp/
[BSP build complete]
Info: Compiling LCFR.c to obj/default/LCFR.o
nios2-elf-gcc -xc -MP -MMD -c -I../LCFR_bsp//HAL/inc -I../LCFR_bsp/ -I../LCFR_bsp//drivers/inc  -pipe -D__hal__ -DALT_NO_INSTRUCTION_EMULATION -DALT_SINGLE_THREADED    -O0 -g -Wall   -mhw-div -mhw-mul -mno-hw-mulx -mgpopt=global  -o obj/default/LCFR.o LCFR.c
LCFR.c: In function 'button_interrupts_function':
LCFR.c:72:12: warning: format '%f' expects argument of type 'double', but argument 2 has type 'AdcCountMessage {aka struct <anonymous>}' [-Wformat=]
     printf(".2%f", msg);
            ^
LCFR.c:72:12: warning: format '%f' expects argument of type 'double', but argument 2 has type 'AdcCountMessage {aka struct <anonymous>}' [-Wformat=]
Info: Linking LCFR.elf
nios2-elf-g++  -T'../LCFR_bsp//linker.x' -msys-crt0='../LCFR_bsp//obj/HAL/src/crt0.o' -msys-lib=hal_bsp -L../LCFR_bsp/   -Wl,-Map=LCFR.map   -O0 -g -Wall   -mhw-div -mhw-mul -mno-hw-mulx -mgpopt=global  -o LCFR.elf obj/default/FreeRTOS/croutine.o obj/default/FreeRTOS/event_groups.o obj/default/FreeRTOS/heap.o obj/default/FreeRTOS/list.o obj/default/FreeRTOS/port.o obj/default/FreeRTOS/queue.o obj/default/FreeRTOS/tasks.o obj/default/FreeRTOS/timers.o obj/default/LCFR.o obj/default/FreeRTOS/port_asm.o -lm -msys-lib=m
nios2-elf-insert LCFR.elf --thread_model hal --cpu_name nios2 --qsys true --simulation_enabled false --id 7 --sidp 0x430f0 --timestamp 1393900972 --stderr_dev jtag_uart --stdin_dev jtag_uart --stdout_dev jtag_uart --sopc_system_name nios2 --quartus_project_dir "C:/Users/tche867/Downloads/LowCostFrequencyRelay/Main/Projectfiles" --sopcinfo C:/Users/tche867/Downloads/LowCostFrequencyRelay/Main/Projectfiles/software/LCFR_bsp/../../nios2.sopcinfo
Info: (LCFR.elf) 609 KBytes program size (code + initialized data).
Info:            130561 KBytes free for stack + heap.
Info: Creating LCFR.objdump
nios2-elf-objdump --disassemble --syms --all-header --source LCFR.elf >LCFR.objdump
[LCFR build complete]
14:21:34 **** Incremental Build of configuration Nios II for project LCFR ****
make all 
Info: Building ../LCFR_bsp/
C:/intelFPGA/18.1/nios2eds/bin/gnu/H-x86_64-mingw32/bin/make --no-print-directory -C ../LCFR_bsp/
[BSP build complete]
[LCFR build complete]
14:24:08 **** Build of configuration Nios II for project LCFR ****
make all 
Info: Building ../LCFR_bsp/
C:/intelFPGA/18.1/nios2eds/bin/gnu/H-x86_64-mingw32/bin/make --no-print-directory -C ../LCFR_bsp/
[BSP build complete]
Info: Compiling LCFR.c to obj/default/LCFR.o
nios2-elf-gcc -xc -MP -MMD -c -I../LCFR_bsp//HAL/inc -I../LCFR_bsp/ -I../LCFR_bsp//drivers/inc  -pipe -D__hal__ -DALT_NO_INSTRUCTION_EMULATION -DALT_SINGLE_THREADED    -O0 -g -Wall   -mhw-div -mhw-mul -mno-hw-mulx -mgpopt=global  -o obj/default/LCFR.o LCFR.c
LCFR.c: In function 'button_interrupts_function':
LCFR.c:72:12: warning: format '%f' expects argument of type 'double', but argument 2 has type 'AdcCountMessage {aka struct <anonymous>}' [-Wformat=]
     printf(".2%f", msg);
            ^
LCFR.c:72:12: warning: format '%f' expects argument of type 'double', but argument 2 has type 'AdcCountMessage {aka struct <anonymous>}' [-Wformat=]
Info: Linking LCFR.elf
nios2-elf-g++  -T'../LCFR_bsp//linker.x' -msys-crt0='../LCFR_bsp//obj/HAL/src/crt0.o' -msys-lib=hal_bsp -L../LCFR_bsp/   -Wl,-Map=LCFR.map   -O0 -g -Wall   -mhw-div -mhw-mul -mno-hw-mulx -mgpopt=global  -o LCFR.elf obj/default/FreeRTOS/croutine.o obj/default/FreeRTOS/event_groups.o obj/default/FreeRTOS/heap.o obj/default/FreeRTOS/list.o obj/default/FreeRTOS/port.o obj/default/FreeRTOS/queue.o obj/default/FreeRTOS/tasks.o obj/default/FreeRTOS/timers.o obj/default/LCFR.o obj/default/FreeRTOS/port_asm.o -lm -msys-lib=m
nios2-elf-insert LCFR.elf --thread_model hal --cpu_name nios2 --qsys true --simulation_enabled false --id 7 --sidp 0x430f0 --timestamp 1393900972 --stderr_dev jtag_uart --stdin_dev jtag_uart --stdout_dev jtag_uart --sopc_system_name nios2 --quartus_project_dir "C:/Users/tche867/Downloads/LowCostFrequencyRelay/Main/Projectfiles" --sopcinfo C:/Users/tche867/Downloads/LowCostFrequencyRelay/Main/Projectfiles/software/LCFR_bsp/../../nios2.sopcinfo
Info: (LCFR.elf) 609 KBytes program size (code + initialized data).
Info:            130561 KBytes free for stack + heap.
Info: Creating LCFR.objdump
nios2-elf-objdump --disassemble --syms --all-header --source LCFR.elf >LCFR.objdump
[LCFR build complete]
14:24:10 **** Incremental Build of configuration Nios II for project LCFR ****
make all 
Info: Building ../LCFR_bsp/
C:/intelFPGA/18.1/nios2eds/bin/gnu/H-x86_64-mingw32/bin/make --no-print-directory -C ../LCFR_bsp/
[BSP build complete]
[LCFR build complete]
14:24:55 **** Build of configuration Nios II for project LCFR ****
make all 
Info: Building ../LCFR_bsp/
C:/intelFPGA/18.1/nios2eds/bin/gnu/H-x86_64-mingw32/bin/make --no-print-directory -C ../LCFR_bsp/
[BSP build complete]
Info: Compiling LCFR.c to obj/default/LCFR.o
nios2-elf-gcc -xc -MP -MMD -c -I../LCFR_bsp//HAL/inc -I../LCFR_bsp/ -I../LCFR_bsp//drivers/inc  -pipe -D__hal__ -DALT_NO_INSTRUCTION_EMULATION -DALT_SINGLE_THREADED    -O0 -g -Wall   -mhw-div -mhw-mul -mno-hw-mulx -mgpopt=global  -o obj/default/LCFR.o LCFR.c
LCFR.c: In function 'button_interrupts_function':
LCFR.c:72:12: warning: format '%f' expects argument of type 'double', but argument 2 has type 'AdcCountMessage {aka struct <anonymous>}' [-Wformat=]
     printf(".2%f", msg);
            ^
LCFR.c:72:12: warning: format '%f' expects argument of type 'double', but argument 2 has type 'AdcCountMessage {aka struct <anonymous>}' [-Wformat=]
Info: Linking LCFR.elf
nios2-elf-g++  -T'../LCFR_bsp//linker.x' -msys-crt0='../LCFR_bsp//obj/HAL/src/crt0.o' -msys-lib=hal_bsp -L../LCFR_bsp/   -Wl,-Map=LCFR.map   -O0 -g -Wall   -mhw-div -mhw-mul -mno-hw-mulx -mgpopt=global  -o LCFR.elf obj/default/FreeRTOS/croutine.o obj/default/FreeRTOS/event_groups.o obj/default/FreeRTOS/heap.o obj/default/FreeRTOS/list.o obj/default/FreeRTOS/port.o obj/default/FreeRTOS/queue.o obj/default/FreeRTOS/tasks.o obj/default/FreeRTOS/timers.o obj/default/LCFR.o obj/default/FreeRTOS/port_asm.o -lm -msys-lib=m
nios2-elf-insert LCFR.elf --thread_model hal --cpu_name nios2 --qsys true --simulation_enabled false --id 7 --sidp 0x430f0 --timestamp 1393900972 --stderr_dev jtag_uart --stdin_dev jtag_uart --stdout_dev jtag_uart --sopc_system_name nios2 --quartus_project_dir "C:/Users/tche867/Downloads/LowCostFrequencyRelay/Main/Projectfiles" --sopcinfo C:/Users/tche867/Downloads/LowCostFrequencyRelay/Main/Projectfiles/software/LCFR_bsp/../../nios2.sopcinfo
Info: (LCFR.elf) 609 KBytes program size (code + initialized data).
Info:            130561 KBytes free for stack + heap.
Info: Creating LCFR.objdump
nios2-elf-objdump --disassemble --syms --all-header --source LCFR.elf >LCFR.objdump
[LCFR build complete]
14:24:56 **** Incremental Build of configuration Nios II for project LCFR ****
make all 
Info: Building ../LCFR_bsp/
C:/intelFPGA/18.1/nios2eds/bin/gnu/H-x86_64-mingw32/bin/make --no-print-directory -C ../LCFR_bsp/
[BSP build complete]
[LCFR build complete]
14:25:47 **** Build of configuration Nios II for project LCFR ****
make all 
Info: Building ../LCFR_bsp/
C:/intelFPGA/18.1/nios2eds/bin/gnu/H-x86_64-mingw32/bin/make --no-print-directory -C ../LCFR_bsp/
[BSP build complete]
Info: Compiling LCFR.c to obj/default/LCFR.o
nios2-elf-gcc -xc -MP -MMD -c -I../LCFR_bsp//HAL/inc -I../LCFR_bsp/ -I../LCFR_bsp//drivers/inc  -pipe -D__hal__ -DALT_NO_INSTRUCTION_EMULATION -DALT_SINGLE_THREADED    -O0 -g -Wall   -mhw-div -mhw-mul -mno-hw-mulx -mgpopt=global  -o obj/default/LCFR.o LCFR.c
Info: Linking LCFR.elf
nios2-elf-g++  -T'../LCFR_bsp//linker.x' -msys-crt0='../LCFR_bsp//obj/HAL/src/crt0.o' -msys-lib=hal_bsp -L../LCFR_bsp/   -Wl,-Map=LCFR.map   -O0 -g -Wall   -mhw-div -mhw-mul -mno-hw-mulx -mgpopt=global  -o LCFR.elf obj/default/FreeRTOS/croutine.o obj/default/FreeRTOS/event_groups.o obj/default/FreeRTOS/heap.o obj/default/FreeRTOS/list.o obj/default/FreeRTOS/port.o obj/default/FreeRTOS/queue.o obj/default/FreeRTOS/tasks.o obj/default/FreeRTOS/timers.o obj/default/LCFR.o obj/default/FreeRTOS/port_asm.o -lm -msys-lib=m
nios2-elf-insert LCFR.elf --thread_model hal --cpu_name nios2 --qsys true --simulation_enabled false --id 7 --sidp 0x430f0 --timestamp 1393900972 --stderr_dev jtag_uart --stdin_dev jtag_uart --stdout_dev jtag_uart --sopc_system_name nios2 --quartus_project_dir "C:/Users/tche867/Downloads/LowCostFrequencyRelay/Main/Projectfiles" --sopcinfo C:/Users/tche867/Downloads/LowCostFrequencyRelay/Main/Projectfiles/software/LCFR_bsp/../../nios2.sopcinfo
Info: (LCFR.elf) 609 KBytes program size (code + initialized data).
Info:            130561 KBytes free for stack + heap.
Info: Creating LCFR.objdump
nios2-elf-objdump --disassemble --syms --all-header --source LCFR.elf >LCFR.objdump
[LCFR build complete]
14:25:49 **** Incremental Build of configuration Nios II for project LCFR ****
make all 
Info: Building ../LCFR_bsp/
C:/intelFPGA/18.1/nios2eds/bin/gnu/H-x86_64-mingw32/bin/make --no-print-directory -C ../LCFR_bsp/
[BSP build complete]
[LCFR build complete]
