12:14:59 **** Incremental Build of configuration Nios II for project LCFR ****
make all 
Info: Building ../LCFR_bsp/
C:/HDL/Quartu18.1/nios2eds/bin/gnu/H-x86_64-mingw32/bin/make --no-print-directory -C ../LCFR_bsp/
[BSP build complete]
Info: Compiling LCFR.c to obj/default/LCFR.o
nios2-elf-gcc -xc -MP -MMD -c -I../LCFR_bsp//HAL/inc -I../LCFR_bsp/ -I../LCFR_bsp//drivers/inc  -pipe -D__hal__ -DALT_NO_INSTRUCTION_EMULATION -DALT_SINGLE_THREADED    -O0 -g -Wall   -mhw-div -mhw-mul -mno-hw-mulx -mgpopt=global  -o obj/default/LCFR.o LCFR.c
LCFR.c: In function 'button_interrupts_function':
LCFR.c:195:21: warning: variable 'msg' set but not used [-Wunused-but-set-variable]
     AdcCountMessage msg;
                     ^
LCFR.c:194:16: warning: unused variable 'xHigherPriorityTaskWoken' [-Wunused-variable]
     BaseType_t xHigherPriorityTaskWoken = pdFALSE;
                ^
LCFR.c: In function 'ISR_Init':
LCFR.c:353:49: warning: passing argument 3 of 'alt_irq_register' from incompatible pointer type [-Wincompatible-pointer-types]
     alt_irq_register(FREQUENCY_ANALYSER_IRQ, 0, freq_relay_function);
                                                 ^
In file included from ../LCFR_bsp//HAL/inc/sys/alt_irq.h:218:0,
                 from LCFR.c:8:
../LCFR_bsp//HAL/inc/priv/alt_legacy_irq.h:61:12: note: expected 'alt_isr_func {aka void (*)(void *, long unsigned int)}' but argument is of type 'void (*)(void *)'
 extern int alt_irq_register (alt_u32 id, 
            ^
LCFR.c: In function 'updateRecordTime':
LCFR.c:1060:11: warning: unused variable 'average' [-Wunused-variable]
  uint16_t average = 0;
           ^
LCFR.c: At top level:
LCFR.c:176:16: warning: 'current_action' defined but not used [-Wunused-variable]
 static uint8_t current_action = 0; //0 - invalid, 1 - to shed, 2 - to recover
                ^
Info: Compiling moore_machine.c to obj/default/moore_machine.o
nios2-elf-gcc -xc -MP -MMD -c -I../LCFR_bsp//HAL/inc -I../LCFR_bsp/ -I../LCFR_bsp//drivers/inc  -pipe -D__hal__ -DALT_NO_INSTRUCTION_EMULATION -DALT_SINGLE_THREADED    -O0 -g -Wall   -mhw-div -mhw-mul -mno-hw-mulx -mgpopt=global  -o obj/default/moore_machine.o moore_machine.c
Info: Linking LCFR.elf
nios2-elf-g++  -T'../LCFR_bsp//linker.x' -msys-crt0='../LCFR_bsp//obj/HAL/src/crt0.o' -msys-lib=hal_bsp -L../LCFR_bsp/   -Wl,-Map=LCFR.map   -O0 -g -Wall   -mhw-div -mhw-mul -mno-hw-mulx -mgpopt=global  -o LCFR.elf obj/default/FreeRTOS/croutine.o obj/default/FreeRTOS/event_groups.o obj/default/FreeRTOS/heap.o obj/default/FreeRTOS/list.o obj/default/FreeRTOS/port.o obj/default/FreeRTOS/queue.o obj/default/FreeRTOS/tasks.o obj/default/FreeRTOS/timers.o obj/default/LCFR.o obj/default/moore_machine.o obj/default/FreeRTOS/port_asm.o -lm -msys-lib=m
nios2-elf-insert LCFR.elf --thread_model hal --cpu_name nios2 --qsys true --simulation_enabled false --id 7 --sidp 0x430f0 --timestamp 1393900972 --stderr_dev jtag_uart --stdin_dev jtag_uart --stdout_dev jtag_uart --sopc_system_name nios2 --quartus_project_dir "C:/LocalProject/LowCostFrequencyRelay/Main/Projectfiles" --sopcinfo C:/LocalProject/LowCostFrequencyRelay/Main/Projectfiles/software/LCFR_bsp/../../nios2.sopcinfo
Info: (LCFR.elf) 638 KBytes program size (code + initialized data).
Info:            130559 KBytes free for stack + heap.
Info: Creating LCFR.objdump
nios2-elf-objdump --disassemble --syms --all-header --source LCFR.elf >LCFR.objdump
[LCFR build complete]
12:15:09 **** Build of configuration Nios II for project LCFR ****
make all 
Info: Building ../LCFR_bsp/
C:/HDL/Quartu18.1/nios2eds/bin/gnu/H-x86_64-mingw32/bin/make --no-print-directory -C ../LCFR_bsp/
[BSP build complete]
[LCFR build complete]
12:15:10 **** Incremental Build of configuration Nios II for project LCFR ****
make all 
Info: Building ../LCFR_bsp/
C:/HDL/Quartu18.1/nios2eds/bin/gnu/H-x86_64-mingw32/bin/make --no-print-directory -C ../LCFR_bsp/
[BSP build complete]
[LCFR build complete]
12:31:52 **** Build of configuration Nios II for project LCFR ****
make all 
Info: Building ../LCFR_bsp/
C:/HDL/Quartu18.1/nios2eds/bin/gnu/H-x86_64-mingw32/bin/make --no-print-directory -C ../LCFR_bsp/
[BSP build complete]
Info: Compiling LCFR.c to obj/default/LCFR.o
nios2-elf-gcc -xc -MP -MMD -c -I../LCFR_bsp//HAL/inc -I../LCFR_bsp/ -I../LCFR_bsp//drivers/inc  -pipe -D__hal__ -DALT_NO_INSTRUCTION_EMULATION -DALT_SINGLE_THREADED    -O0 -g -Wall   -mhw-div -mhw-mul -mno-hw-mulx -mgpopt=global  -o obj/default/LCFR.o LCFR.c
LCFR.c: In function 'button_interrupts_function':
LCFR.c:195:21: warning: variable 'msg' set but not used [-Wunused-but-set-variable]
     AdcCountMessage msg;
                     ^
LCFR.c:194:16: warning: unused variable 'xHigherPriorityTaskWoken' [-Wunused-variable]
     BaseType_t xHigherPriorityTaskWoken = pdFALSE;
                ^
LCFR.c: In function 'ISR_Init':
LCFR.c:353:49: warning: passing argument 3 of 'alt_irq_register' from incompatible pointer type [-Wincompatible-pointer-types]
     alt_irq_register(FREQUENCY_ANALYSER_IRQ, 0, freq_relay_function);
                                                 ^
In file included from ../LCFR_bsp//HAL/inc/sys/alt_irq.h:218:0,
                 from LCFR.c:8:
../LCFR_bsp//HAL/inc/priv/alt_legacy_irq.h:61:12: note: expected 'alt_isr_func {aka void (*)(void *, long unsigned int)}' but argument is of type 'void (*)(void *)'
 extern int alt_irq_register (alt_u32 id, 
            ^
LCFR.c: In function 'updateRecordTime':
LCFR.c:1045:11: warning: unused variable 'average' [-Wunused-variable]
  uint16_t average = 0;
           ^
LCFR.c: At top level:
LCFR.c:176:16: warning: 'current_action' defined but not used [-Wunused-variable]
 static uint8_t current_action = 0; //0 - invalid, 1 - to shed, 2 - to recover
                ^
Info: Linking LCFR.elf
nios2-elf-g++  -T'../LCFR_bsp//linker.x' -msys-crt0='../LCFR_bsp//obj/HAL/src/crt0.o' -msys-lib=hal_bsp -L../LCFR_bsp/   -Wl,-Map=LCFR.map   -O0 -g -Wall   -mhw-div -mhw-mul -mno-hw-mulx -mgpopt=global  -o LCFR.elf obj/default/FreeRTOS/croutine.o obj/default/FreeRTOS/event_groups.o obj/default/FreeRTOS/heap.o obj/default/FreeRTOS/list.o obj/default/FreeRTOS/port.o obj/default/FreeRTOS/queue.o obj/default/FreeRTOS/tasks.o obj/default/FreeRTOS/timers.o obj/default/LCFR.o obj/default/moore_machine.o obj/default/FreeRTOS/port_asm.o -lm -msys-lib=m
nios2-elf-insert LCFR.elf --thread_model hal --cpu_name nios2 --qsys true --simulation_enabled false --id 7 --sidp 0x430f0 --timestamp 1393900972 --stderr_dev jtag_uart --stdin_dev jtag_uart --stdout_dev jtag_uart --sopc_system_name nios2 --quartus_project_dir "C:/LocalProject/LowCostFrequencyRelay/Main/Projectfiles" --sopcinfo C:/LocalProject/LowCostFrequencyRelay/Main/Projectfiles/software/LCFR_bsp/../../nios2.sopcinfo
Info: (LCFR.elf) 638 KBytes program size (code + initialized data).
Info:            130559 KBytes free for stack + heap.
Info: Creating LCFR.objdump
nios2-elf-objdump --disassemble --syms --all-header --source LCFR.elf >LCFR.objdump
[LCFR build complete]
12:31:54 **** Incremental Build of configuration Nios II for project LCFR ****
make all 
Info: Building ../LCFR_bsp/
C:/HDL/Quartu18.1/nios2eds/bin/gnu/H-x86_64-mingw32/bin/make --no-print-directory -C ../LCFR_bsp/
[BSP build complete]
[LCFR build complete]
12:59:57 **** Build of configuration Nios II for project LCFR ****
make all 
Info: Building ../LCFR_bsp/
C:/HDL/Quartu18.1/nios2eds/bin/gnu/H-x86_64-mingw32/bin/make --no-print-directory -C ../LCFR_bsp/
[BSP build complete]
Info: Compiling LCFR.c to obj/default/LCFR.o
nios2-elf-gcc -xc -MP -MMD -c -I../LCFR_bsp//HAL/inc -I../LCFR_bsp/ -I../LCFR_bsp//drivers/inc  -pipe -D__hal__ -DALT_NO_INSTRUCTION_EMULATION -DALT_SINGLE_THREADED    -O0 -g -Wall   -mhw-div -mhw-mul -mno-hw-mulx -mgpopt=global  -o obj/default/LCFR.o LCFR.c
LCFR.c: In function 'button_interrupts_function':
LCFR.c:195:21: warning: variable 'msg' set but not used [-Wunused-but-set-variable]
     AdcCountMessage msg;
                     ^
LCFR.c:194:16: warning: unused variable 'xHigherPriorityTaskWoken' [-Wunused-variable]
     BaseType_t xHigherPriorityTaskWoken = pdFALSE;
                ^
LCFR.c: In function 'ISR_Init':
LCFR.c:353:49: warning: passing argument 3 of 'alt_irq_register' from incompatible pointer type [-Wincompatible-pointer-types]
     alt_irq_register(FREQUENCY_ANALYSER_IRQ, 0, freq_relay_function);
                                                 ^
In file included from ../LCFR_bsp//HAL/inc/sys/alt_irq.h:218:0,
                 from LCFR.c:8:
../LCFR_bsp//HAL/inc/priv/alt_legacy_irq.h:61:12: note: expected 'alt_isr_func {aka void (*)(void *, long unsigned int)}' but argument is of type 'void (*)(void *)'
 extern int alt_irq_register (alt_u32 id, 
            ^
LCFR.c: In function 'updateRecordTime':
LCFR.c:1022:11: warning: unused variable 'average' [-Wunused-variable]
  uint16_t average = 0;
           ^
LCFR.c: At top level:
LCFR.c:176:16: warning: 'current_action' defined but not used [-Wunused-variable]
 static uint8_t current_action = 0; //0 - invalid, 1 - to shed, 2 - to recover
                ^
Info: Linking LCFR.elf
nios2-elf-g++  -T'../LCFR_bsp//linker.x' -msys-crt0='../LCFR_bsp//obj/HAL/src/crt0.o' -msys-lib=hal_bsp -L../LCFR_bsp/   -Wl,-Map=LCFR.map   -O0 -g -Wall   -mhw-div -mhw-mul -mno-hw-mulx -mgpopt=global  -o LCFR.elf obj/default/FreeRTOS/croutine.o obj/default/FreeRTOS/event_groups.o obj/default/FreeRTOS/heap.o obj/default/FreeRTOS/list.o obj/default/FreeRTOS/port.o obj/default/FreeRTOS/queue.o obj/default/FreeRTOS/tasks.o obj/default/FreeRTOS/timers.o obj/default/LCFR.o obj/default/moore_machine.o obj/default/FreeRTOS/port_asm.o -lm -msys-lib=m
nios2-elf-insert LCFR.elf --thread_model hal --cpu_name nios2 --qsys true --simulation_enabled false --id 7 --sidp 0x430f0 --timestamp 1393900972 --stderr_dev jtag_uart --stdin_dev jtag_uart --stdout_dev jtag_uart --sopc_system_name nios2 --quartus_project_dir "C:/LocalProject/LowCostFrequencyRelay/Main/Projectfiles" --sopcinfo C:/LocalProject/LowCostFrequencyRelay/Main/Projectfiles/software/LCFR_bsp/../../nios2.sopcinfo
Info: (LCFR.elf) 638 KBytes program size (code + initialized data).
Info:            130559 KBytes free for stack + heap.
Info: Creating LCFR.objdump
nios2-elf-objdump --disassemble --syms --all-header --source LCFR.elf >LCFR.objdump
[LCFR build complete]
13:00:00 **** Incremental Build of configuration Nios II for project LCFR ****
make all 
Info: Building ../LCFR_bsp/
C:/HDL/Quartu18.1/nios2eds/bin/gnu/H-x86_64-mingw32/bin/make --no-print-directory -C ../LCFR_bsp/
[BSP build complete]
[LCFR build complete]
13:21:12 **** Build of configuration Nios II for project LCFR ****
make all 
Info: Building ../LCFR_bsp/
C:/HDL/Quartu18.1/nios2eds/bin/gnu/H-x86_64-mingw32/bin/make --no-print-directory -C ../LCFR_bsp/
[BSP build complete]
Info: Compiling LCFR.c to obj/default/LCFR.o
nios2-elf-gcc -xc -MP -MMD -c -I../LCFR_bsp//HAL/inc -I../LCFR_bsp/ -I../LCFR_bsp//drivers/inc  -pipe -D__hal__ -DALT_NO_INSTRUCTION_EMULATION -DALT_SINGLE_THREADED    -O0 -g -Wall   -mhw-div -mhw-mul -mno-hw-mulx -mgpopt=global  -o obj/default/LCFR.o LCFR.c
LCFR.c: In function 'button_interrupts_function':
LCFR.c:190:21: warning: unused variable 'msg' [-Wunused-variable]
     AdcCountMessage msg;
                     ^
LCFR.c:189:16: warning: unused variable 'xHigherPriorityTaskWoken' [-Wunused-variable]
     BaseType_t xHigherPriorityTaskWoken = pdFALSE;
                ^
LCFR.c: In function 'ISR_Init':
LCFR.c:344:49: warning: passing argument 3 of 'alt_irq_register' from incompatible pointer type [-Wincompatible-pointer-types]
     alt_irq_register(FREQUENCY_ANALYSER_IRQ, 0, freq_relay_function);
                                                 ^
In file included from ../LCFR_bsp//HAL/inc/sys/alt_irq.h:218:0,
                 from LCFR.c:8:
../LCFR_bsp//HAL/inc/priv/alt_legacy_irq.h:61:12: note: expected 'alt_isr_func {aka void (*)(void *, long unsigned int)}' but argument is of type 'void (*)(void *)'
 extern int alt_irq_register (alt_u32 id, 
            ^
LCFR.c: In function 'updateRecordTime':
LCFR.c:1015:11: warning: unused variable 'average' [-Wunused-variable]
  uint16_t average = 0;
           ^
Info: Linking LCFR.elf
nios2-elf-g++  -T'../LCFR_bsp//linker.x' -msys-crt0='../LCFR_bsp//obj/HAL/src/crt0.o' -msys-lib=hal_bsp -L../LCFR_bsp/   -Wl,-Map=LCFR.map   -O0 -g -Wall   -mhw-div -mhw-mul -mno-hw-mulx -mgpopt=global  -o LCFR.elf obj/default/FreeRTOS/croutine.o obj/default/FreeRTOS/event_groups.o obj/default/FreeRTOS/heap.o obj/default/FreeRTOS/list.o obj/default/FreeRTOS/port.o obj/default/FreeRTOS/queue.o obj/default/FreeRTOS/tasks.o obj/default/FreeRTOS/timers.o obj/default/LCFR.o obj/default/moore_machine.o obj/default/FreeRTOS/port_asm.o -lm -msys-lib=m
nios2-elf-insert LCFR.elf --thread_model hal --cpu_name nios2 --qsys true --simulation_enabled false --id 7 --sidp 0x430f0 --timestamp 1393900972 --stderr_dev jtag_uart --stdin_dev jtag_uart --stdout_dev jtag_uart --sopc_system_name nios2 --quartus_project_dir "C:/LocalProject/LowCostFrequencyRelay/Main/Projectfiles" --sopcinfo C:/LocalProject/LowCostFrequencyRelay/Main/Projectfiles/software/LCFR_bsp/../../nios2.sopcinfo
Info: (LCFR.elf) 638 KBytes program size (code + initialized data).
Info:            130559 KBytes free for stack + heap.
Info: Creating LCFR.objdump
nios2-elf-objdump --disassemble --syms --all-header --source LCFR.elf >LCFR.objdump
[LCFR build complete]
13:21:15 **** Incremental Build of configuration Nios II for project LCFR ****
make all 
Info: Building ../LCFR_bsp/
C:/HDL/Quartu18.1/nios2eds/bin/gnu/H-x86_64-mingw32/bin/make --no-print-directory -C ../LCFR_bsp/
[BSP build complete]
[LCFR build complete]
